0 info it worked if it ends with ok
1 verbose cli [ '/usr/bin/nodejs', '/usr/bin/npm', 'publish', 'Etech' ]
2 info using npm@3.9.5
3 info using node@v6.2.2
4 verbose publish [ 'Etech' ]
5 silly cache add args [ 'Etech', null ]
6 verbose cache add spec Etech
7 silly cache add parsed spec Result {
7 silly cache add   raw: 'Etech',
7 silly cache add   scope: null,
7 silly cache add   name: 'Etech',
7 silly cache add   rawSpec: '',
7 silly cache add   spec: 'latest',
7 silly cache add   type: 'tag' }
8 silly addNamed Etech@latest
9 verbose addNamed "latest" is being treated as a dist-tag for Etech
10 info addNameTag [ 'Etech', 'latest' ]
11 silly mapToRegistry name Etech
12 silly mapToRegistry using default registry
13 silly mapToRegistry registry https://registry.npmjs.org/
14 silly mapToRegistry data Result {
14 silly mapToRegistry   raw: 'Etech',
14 silly mapToRegistry   scope: null,
14 silly mapToRegistry   name: 'Etech',
14 silly mapToRegistry   rawSpec: '',
14 silly mapToRegistry   spec: 'latest',
14 silly mapToRegistry   type: 'tag' }
15 silly mapToRegistry uri https://registry.npmjs.org/Etech
16 verbose addNameTag registry:https://registry.npmjs.org/Etech not in flight; fetching
17 verbose request uri https://registry.npmjs.org/Etech
18 verbose request no auth needed
19 info attempt registry request try #1 at 1:18:53 AM
20 verbose request id 2d65652f53074040
21 http request GET https://registry.npmjs.org/Etech
22 http 404 https://registry.npmjs.org/Etech
23 verbose headers { 'content-type': 'application/json',
23 verbose headers   'cache-control': 'max-age=0',
23 verbose headers   'content-length': '2',
23 verbose headers   'accept-ranges': 'bytes',
23 verbose headers   date: 'Fri, 01 Jul 2016 05:18:53 GMT',
23 verbose headers   via: '1.1 varnish',
23 verbose headers   age: '0',
23 verbose headers   connection: 'keep-alive',
23 verbose headers   'x-served-by': 'cache-jfk1047-JFK',
23 verbose headers   'x-cache': 'MISS',
23 verbose headers   'x-cache-hits': '0',
23 verbose headers   'x-timer': 'S1467350333.722823,VS0,VE105',
23 verbose headers   vary: 'Accept-Encoding' }
24 silly get cb [ 404,
24 silly get   { 'content-type': 'application/json',
24 silly get     'cache-control': 'max-age=0',
24 silly get     'content-length': '2',
24 silly get     'accept-ranges': 'bytes',
24 silly get     date: 'Fri, 01 Jul 2016 05:18:53 GMT',
24 silly get     via: '1.1 varnish',
24 silly get     age: '0',
24 silly get     connection: 'keep-alive',
24 silly get     'x-served-by': 'cache-jfk1047-JFK',
24 silly get     'x-cache': 'MISS',
24 silly get     'x-cache-hits': '0',
24 silly get     'x-timer': 'S1467350333.722823,VS0,VE105',
24 silly get     vary: 'Accept-Encoding' } ]
25 verbose stack Error: Registry returned 404 for GET on https://registry.npmjs.org/Etech
25 verbose stack     at makeError (/usr/lib/node_modules/npm/node_modules/npm-registry-client/lib/request.js:264:12)
25 verbose stack     at CachingRegistryClient.<anonymous> (/usr/lib/node_modules/npm/node_modules/npm-registry-client/lib/request.js:242:14)
25 verbose stack     at Request._callback (/usr/lib/node_modules/npm/node_modules/npm-registry-client/lib/request.js:172:14)
25 verbose stack     at Request.self.callback (/usr/lib/node_modules/npm/node_modules/request/request.js:200:22)
25 verbose stack     at emitTwo (events.js:106:13)
25 verbose stack     at Request.emit (events.js:191:7)
25 verbose stack     at Request.<anonymous> (/usr/lib/node_modules/npm/node_modules/request/request.js:1067:10)
25 verbose stack     at emitOne (events.js:101:20)
25 verbose stack     at Request.emit (events.js:188:7)
25 verbose stack     at IncomingMessage.<anonymous> (/usr/lib/node_modules/npm/node_modules/request/request.js:988:12)
26 verbose statusCode 404
27 verbose pkgid Etech
28 verbose cwd /home/john/Desktop/code/ionic
29 error Linux 4.6.2-040602-generic
30 error argv "/usr/bin/nodejs" "/usr/bin/npm" "publish" "Etech"
31 error node v6.2.2
32 error npm  v3.9.5
33 error code E404
34 error 404 Registry returned 404 for GET on https://registry.npmjs.org/Etech
35 error 404
36 error 404 'Etech' is not in the npm registry.
37 error 404 Your package name is not valid, because
38 error 404 1. name can no longer contain capital letters
39 error 404 Note that you can also install from a
40 error 404 tarball, folder, http url, or git url.
41 verbose exit [ 1, true ]
